TN:
SF:src\app\app.component.ts
FN:14,(anonymous_0)
FN:16,(anonymous_1)
FN:18,(anonymous_2)
FN:31,(anonymous_3)
FN:35,(anonymous_4)
FNF:5
FNH:2
FNDA:2,(anonymous_0)
FNDA:2,(anonymous_1)
FNDA:0,(anonymous_2)
FNDA:0,(anonymous_3)
FNDA:0,(anonymous_4)
DA:8,1
DA:9,2
DA:10,2
DA:11,2
DA:12,2
DA:14,2
DA:18,2
DA:19,0
DA:23,0
DA:27,0
DA:32,0
DA:36,0
DA:37,0
LF:13
LH:7
BRDA:20,0,0,0
BRDA:20,0,1,0
BRDA:24,1,0,0
BRDA:24,1,1,0
BRF:4
BRH:0
end_of_record
TN:
SF:src\app\auth\auth.service.ts
FN:18,(anonymous_0)
FN:20,(anonymous_1)
FN:29,(anonymous_2)
FN:38,(anonymous_3)
FN:46,(anonymous_4)
FNF:5
FNH:3
FNDA:3,(anonymous_0)
FNDA:3,(anonymous_1)
FNDA:0,(anonymous_2)
FNDA:1,(anonymous_3)
FNDA:0,(anonymous_4)
DA:9,1
DA:10,3
DA:18,3
DA:21,3
DA:22,3
DA:23,3
DA:25,3
DA:26,0
DA:30,0
DA:31,0
DA:34,3
DA:35,3
DA:39,1
DA:40,1
DA:44,0
DA:45,0
DA:46,0
LF:17
LH:11
BRDA:22,0,0,3
BRDA:22,1,0,3
BRDA:22,1,1,3
BRDA:22,1,2,3
BRDA:25,2,0,0
BRDA:25,2,1,3
BRDA:34,3,0,3
BRDA:34,3,1,0
BRF:8
BRH:6
end_of_record
TN:
SF:src\app\auth\auth-login\auth-login.component.ts
FN:16,(anonymous_0)
FN:24,(anonymous_1)
FN:25,(anonymous_2)
FN:35,(anonymous_3)
FN:39,(anonymous_4)
FN:49,(anonymous_5)
FNF:6
FNH:6
FNDA:10,(anonymous_0)
FNDA:10,(anonymous_1)
FNDA:10,(anonymous_2)
FNDA:2,(anonymous_3)
FNDA:1,(anonymous_4)
FNDA:1,(anonymous_5)
DA:12,1
DA:13,10
DA:17,10
DA:18,10
DA:19,10
DA:20,10
DA:21,10
DA:25,10
DA:26,10
DA:29,10
DA:36,2
DA:38,2
DA:40,1
DA:41,1
DA:42,1
DA:43,1
DA:44,1
DA:45,1
DA:46,1
DA:50,1
DA:51,1
LF:21
LH:21
BRDA:36,0,0,2
BRDA:36,0,1,0
BRDA:45,1,0,1
BRDA:50,2,0,1
BRF:4
BRH:3
end_of_record
TN:
SF:src\app\consumer\consumer.service.ts
FN:12,(anonymous_0)
FN:17,(anonymous_1)
FN:31,(anonymous_2)
FN:46,(anonymous_3)
FN:50,(anonymous_4)
FN:52,(anonymous_5)
FN:57,(anonymous_6)
FNF:7
FNH:7
FNDA:4,(anonymous_0)
FNDA:4,(anonymous_1)
FNDA:3,(anonymous_2)
FNDA:2,(anonymous_3)
FNDA:1,(anonymous_4)
FNDA:1,(anonymous_5)
FNDA:2,(anonymous_6)
DA:9,1
DA:12,4
DA:13,4
DA:18,4
DA:32,3
DA:36,3
DA:41,3
DA:43,3
DA:47,2
DA:48,2
DA:51,1
DA:52,1
DA:58,2
LF:13
LH:13
BRDA:32,0,0,3
BRDA:32,0,1,0
BRF:2
BRH:1
end_of_record
TN:
SF:src\app\consumer\consumer-detail\consumer-detail.component.ts
FN:14,(anonymous_0)
FN:22,(anonymous_1)
FN:36,(anonymous_2)
FN:58,(anonymous_3)
FN:62,(anonymous_4)
FNF:5
FNH:5
FNDA:6,(anonymous_0)
FNDA:6,(anonymous_1)
FNDA:9,(anonymous_2)
FNDA:1,(anonymous_3)
FNDA:1,(anonymous_4)
DA:11,1
DA:15,6
DA:16,6
DA:18,6
DA:23,6
DA:37,9
DA:40,9
DA:41,1
DA:45,9
DA:48,9
DA:49,8
DA:52,1
DA:59,1
DA:63,1
LF:14
LH:14
BRDA:37,0,0,8
BRDA:37,0,1,1
BRDA:40,1,0,1
BRDA:48,2,0,8
BRDA:48,2,1,1
BRF:5
BRH:5
end_of_record
TN:
SF:src\app\interceptors\HttpErrorInterceptorService.service.ts
FN:14,(anonymous_0)
FN:16,(anonymous_1)
FN:21,(anonymous_2)
FN:32,(anonymous_3)
FN:37,(anonymous_4)
FN:48,(anonymous_5)
FN:58,(anonymous_6)
FN:72,(anonymous_7)
FNF:8
FNH:7
FNDA:4,(anonymous_0)
FNDA:4,(anonymous_1)
FNDA:4,(anonymous_2)
FNDA:4,(anonymous_3)
FNDA:4,(anonymous_4)
FNDA:0,(anonymous_5)
FNDA:4,(anonymous_6)
FNDA:3,(anonymous_7)
DA:13,1
DA:14,4
DA:20,4
DA:22,4
DA:25,4
DA:26,4
DA:32,4
DA:41,4
DA:42,0
DA:44,4
DA:52,0
DA:62,4
DA:63,1
DA:68,3
DA:76,3
DA:77,3
DA:79,3
DA:80,1
DA:81,1
DA:82,2
DA:83,2
DA:84,2
DA:85,1
DA:89,3
LF:24
LH:22
BRDA:25,0,0,4
BRDA:41,1,0,0
BRDA:41,1,1,4
BRDA:62,2,0,1
BRDA:62,2,1,3
BRDA:79,3,0,1
BRDA:79,3,1,2
BRDA:82,4,0,2
BRDA:84,5,0,1
BRF:9
BRH:8
end_of_record
TN:
SF:src\app\pqr\pqr.service.ts
FN:11,(anonymous_0)
FN:13,(anonymous_1)
FN:26,(anonymous_2)
FN:33,(anonymous_3)
FN:36,(anonymous_4)
FNF:5
FNH:5
FNDA:3,(anonymous_0)
FNDA:3,(anonymous_1)
FNDA:2,(anonymous_2)
FNDA:2,(anonymous_3)
FNDA:2,(anonymous_4)
DA:9,1
DA:11,3
DA:15,3
DA:19,3
DA:23,3
DA:26,3
DA:28,2
DA:29,1
DA:31,1
DA:34,2
DA:35,2
DA:36,2
LF:12
LH:12
BRDA:15,0,0,3
BRDA:15,0,1,0
BRDA:28,1,0,1
BRDA:28,2,0,2
BRDA:28,2,1,2
BRF:5
BRH:4
end_of_record
TN:
SF:src\app\pqr\pqr.ts
FN:5,(anonymous_0)
FNF:1
FNH:0
FNDA:0,(anonymous_0)
DA:6,0
DA:7,0
LF:2
LH:0
BRF:0
BRH:0
end_of_record
TN:
SF:src\app\pqr\pqr-create\pqr-create.component.ts
FN:22,(anonymous_0)
FN:34,(anonymous_1)
FN:48,(anonymous_2)
FN:56,(anonymous_3)
FN:80,(anonymous_4)
FN:89,(anonymous_5)
FN:105,(anonymous_6)
FN:109,(anonymous_7)
FNF:8
FNH:7
FNDA:6,(anonymous_0)
FNDA:6,(anonymous_1)
FNDA:7,(anonymous_2)
FNDA:7,(anonymous_3)
FNDA:1,(anonymous_4)
FNDA:0,(anonymous_5)
FNDA:1,(anonymous_6)
FNDA:1,(anonymous_7)
DA:15,1
DA:23,6
DA:24,6
DA:25,6
DA:26,6
DA:27,6
DA:28,6
DA:30,6
DA:35,6
DA:49,7
DA:52,7
DA:53,0
DA:56,7
DA:57,7
DA:58,7
DA:61,7
DA:67,7
DA:70,7
DA:71,6
DA:74,1
DA:81,1
DA:82,0
DA:87,0
DA:90,0
DA:91,0
DA:92,0
DA:95,1
DA:106,1
DA:110,1
LF:29
LH:23
BRDA:49,0,0,7
BRDA:49,0,1,0
BRDA:52,1,0,0
BRDA:70,2,0,6
BRDA:70,2,1,1
BRDA:81,3,0,0
BRDA:81,3,1,1
BRDA:81,4,0,1
BRDA:81,4,1,0
BRDA:81,4,2,0
BRF:10
BRH:5
end_of_record
