TN:
SF:src\app\app.component.ts
FN:12,(anonymous_0)
FN:15,(anonymous_1)
FN:17,(anonymous_2)
FN:27,(anonymous_3)
FN:30,(anonymous_4)
FN:34,(anonymous_5)
FNF:6
FNH:3
FNDA:2,(anonymous_0)
FNDA:2,(anonymous_1)
FNDA:0,(anonymous_2)
FNDA:0,(anonymous_3)
FNDA:0,(anonymous_4)
FNDA:1,(anonymous_5)
DA:6,1
DA:8,2
DA:9,2
DA:10,2
DA:11,2
DA:13,2
DA:17,2
DA:18,0
DA:21,0
DA:24,0
DA:28,0
DA:31,0
DA:32,0
DA:34,1
DA:38,1
LF:15
LH:9
BRDA:19,0,0,0
BRDA:19,0,1,0
BRDA:22,1,0,0
BRDA:22,1,1,0
BRF:4
BRH:0
end_of_record
TN:
SF:src\app\auth\auth.service.ts
FN:13,(anonymous_0)
FN:16,(anonymous_1)
FN:24,(anonymous_2)
FN:32,(anonymous_3)
FN:40,(anonymous_4)
FN:43,(anonymous_5)
FNF:6
FNH:4
FNDA:3,(anonymous_0)
FNDA:3,(anonymous_1)
FNDA:0,(anonymous_2)
FNDA:1,(anonymous_3)
FNDA:0,(anonymous_4)
FNDA:1,(anonymous_5)
DA:5,1
DA:7,3
DA:14,3
DA:17,3
DA:18,3
DA:19,3
DA:21,3
DA:22,0
DA:25,0
DA:26,0
DA:29,3
DA:30,3
DA:33,1
DA:34,1
DA:38,0
DA:39,0
DA:40,0
DA:43,1
DA:47,1
LF:19
LH:13
BRDA:18,0,0,3
BRDA:18,0,1,0
BRDA:18,1,0,3
BRDA:18,1,1,3
BRDA:18,1,2,3
BRDA:21,2,0,0
BRDA:21,2,1,3
BRDA:29,3,0,3
BRDA:29,3,1,0
BRF:9
BRH:6
end_of_record
TN:
SF:src\app\auth\auth-login\auth-login.component.ts
FN:17,(anonymous_0)
FN:24,(anonymous_1)
FN:25,(anonymous_2)
FN:33,(anonymous_3)
FN:35,(anonymous_4)
FN:44,(anonymous_5)
FN:50,(anonymous_6)
FNF:7
FNH:7
FNDA:10,(anonymous_0)
FNDA:10,(anonymous_1)
FNDA:10,(anonymous_2)
FNDA:2,(anonymous_3)
FNDA:1,(anonymous_4)
FNDA:1,(anonymous_5)
FNDA:1,(anonymous_6)
DA:9,1
DA:15,10
DA:18,10
DA:19,10
DA:20,10
DA:21,10
DA:22,10
DA:25,10
DA:26,10
DA:28,10
DA:34,2
DA:35,2
DA:36,1
DA:37,1
DA:38,1
DA:39,1
DA:40,1
DA:41,1
DA:42,1
DA:45,1
DA:46,1
DA:50,1
DA:58,1
LF:23
LH:23
BRDA:34,0,0,2
BRDA:34,0,1,0
BRDA:41,1,0,1
BRDA:41,1,1,0
BRDA:45,2,0,1
BRDA:45,2,1,0
BRF:6
BRH:3
end_of_record
TN:
SF:src\app\consumer\consumer.service.ts
FN:8,(anonymous_0)
FN:13,(anonymous_1)
FN:26,(anonymous_2)
FN:37,(anonymous_3)
FN:40,(anonymous_4)
FN:42,(anonymous_5)
FN:45,(anonymous_6)
FN:48,(anonymous_7)
FNF:8
FNH:8
FNDA:4,(anonymous_0)
FNDA:4,(anonymous_1)
FNDA:3,(anonymous_2)
FNDA:2,(anonymous_3)
FNDA:1,(anonymous_4)
FNDA:1,(anonymous_5)
FNDA:2,(anonymous_6)
FNDA:1,(anonymous_7)
DA:5,1
DA:9,4
DA:10,4
DA:14,4
DA:27,3
DA:30,3
DA:34,3
DA:35,3
DA:38,2
DA:39,2
DA:41,1
DA:42,1
DA:46,2
DA:48,1
DA:52,1
LF:15
LH:15
BRDA:27,0,0,3
BRDA:27,0,1,0
BRF:2
BRH:1
end_of_record
TN:
SF:src\app\consumer\consumer-detail\consumer-detail.component.ts
FN:11,(anonymous_0)
FN:17,(anonymous_1)
FN:30,(anonymous_2)
FN:49,(anonymous_3)
FN:52,(anonymous_4)
FN:55,(anonymous_5)
FNF:6
FNH:6
FNDA:6,(anonymous_0)
FNDA:6,(anonymous_1)
FNDA:9,(anonymous_2)
FNDA:1,(anonymous_3)
FNDA:1,(anonymous_4)
FNDA:1,(anonymous_5)
DA:7,1
DA:12,6
DA:13,6
DA:14,6
DA:18,6
DA:31,9
DA:34,9
DA:35,1
DA:38,9
DA:40,9
DA:41,8
DA:45,1
DA:50,1
DA:53,1
DA:55,1
DA:60,1
LF:16
LH:16
BRDA:31,0,0,8
BRDA:31,0,1,1
BRDA:34,1,0,1
BRDA:34,1,1,8
BRDA:40,2,0,8
BRDA:40,2,1,1
BRF:6
BRH:6
end_of_record
TN:
SF:src\app\interceptors\HttpErrorInterceptorService.service.ts
FN:8,(anonymous_0)
FN:11,(anonymous_1)
FN:12,(anonymous_2)
FN:56,(anonymous_3)
FN:59,(anonymous_4)
FNF:5
FNH:5
FNDA:4,(anonymous_0)
FNDA:4,(anonymous_1)
FNDA:4,(anonymous_2)
FNDA:4,(anonymous_3)
FNDA:1,(anonymous_4)
DA:6,1
DA:9,4
DA:12,4
DA:13,4
DA:14,4
DA:16,4
DA:17,0
DA:18,0
DA:22,4
DA:24,4
DA:25,1
DA:29,3
DA:31,3
DA:33,1
DA:34,1
DA:35,1
DA:38,3
DA:40,2
DA:41,2
DA:42,2
DA:43,1
DA:49,4
DA:50,4
DA:56,4
DA:59,1
DA:63,1
LF:26
LH:24
BRDA:16,0,0,0
BRDA:16,0,1,4
BRDA:24,1,0,1
BRDA:24,1,1,3
BRDA:31,2,0,1
BRDA:31,2,1,2
BRDA:31,3,0,3
BRDA:31,3,1,3
BRDA:38,4,0,2
BRDA:38,4,1,1
BRDA:38,5,0,3
BRDA:38,5,1,3
BRDA:42,6,0,1
BRDA:42,6,1,1
BRDA:49,7,0,4
BRDA:49,7,1,0
BRF:16
BRH:14
end_of_record
TN:
SF:src\app\pqr\pqr.service.ts
FN:7,(anonymous_0)
FN:10,(anonymous_1)
FN:18,(anonymous_2)
FN:24,(anonymous_3)
FN:27,(anonymous_4)
FN:30,(anonymous_5)
FNF:6
FNH:6
FNDA:3,(anonymous_0)
FNDA:3,(anonymous_1)
FNDA:2,(anonymous_2)
FNDA:2,(anonymous_3)
FNDA:2,(anonymous_4)
FNDA:1,(anonymous_5)
DA:5,1
DA:8,3
DA:11,3
DA:14,3
DA:17,3
DA:18,3
DA:20,2
DA:21,1
DA:23,1
DA:25,2
DA:26,2
DA:27,2
DA:30,1
DA:34,1
LF:14
LH:14
BRDA:11,0,0,3
BRDA:11,0,1,0
BRDA:20,1,0,1
BRDA:20,1,1,1
BRDA:20,2,0,2
BRDA:20,2,1,2
BRF:6
BRH:5
end_of_record
TN:
SF:src\app\pqr\pqr.ts
FN:4,(anonymous_0)
FNF:1
FNH:0
FNDA:0,(anonymous_0)
DA:5,0
DA:6,0
LF:2
LH:0
BRF:0
BRH:0
end_of_record
TN:
SF:src\app\pqr\pqr-create\pqr-create.component.ts
FN:23,(anonymous_0)
FN:33,(anonymous_1)
FN:46,(anonymous_2)
FN:53,(anonymous_3)
FN:73,(anonymous_4)
FN:78,(anonymous_5)
FN:91,(anonymous_6)
FN:94,(anonymous_7)
FN:97,(anonymous_8)
FNF:9
FNH:8
FNDA:6,(anonymous_0)
FNDA:6,(anonymous_1)
FNDA:7,(anonymous_2)
FNDA:7,(anonymous_3)
FNDA:1,(anonymous_4)
FNDA:0,(anonymous_5)
FNDA:1,(anonymous_6)
FNDA:1,(anonymous_7)
FNDA:1,(anonymous_8)
DA:11,1
DA:24,6
DA:25,6
DA:26,6
DA:27,6
DA:28,6
DA:29,6
DA:30,6
DA:34,6
DA:47,7
DA:50,7
DA:51,0
DA:53,7
DA:54,7
DA:55,7
DA:57,7
DA:62,7
DA:64,7
DA:65,6
DA:69,1
DA:74,1
DA:75,0
DA:76,0
DA:79,0
DA:80,0
DA:81,0
DA:85,1
DA:92,1
DA:95,1
DA:97,1
DA:106,1
LF:31
LH:25
BRDA:47,0,0,7
BRDA:47,0,1,0
BRDA:50,1,0,0
BRDA:50,1,1,7
BRDA:64,2,0,6
BRDA:64,2,1,1
BRDA:74,3,0,0
BRDA:74,3,1,1
BRDA:74,4,0,1
BRDA:74,4,1,0
BRDA:74,4,2,0
BRF:11
BRH:6
end_of_record
